2025-07-11 02:30:31,703 - app.services.immobilien_bot_manager.BotManager - INFO - Stoppe alle aktiven Bots...
2025-07-11 02:30:31,703 - app.services.immobilien_bot_manager.BotManager - INFO - Alle Bots gestoppt
2025-07-11 02:43:06,861 - app.services.immobilien_bot_manager.BotManager - INFO - Stoppe alle aktiven Bots...
2025-07-11 02:43:06,862 - app.services.immobilien_bot_manager.BotManager - INFO - Alle Bots gestoppt
2025-07-11 02:44:50,106 - app.services.immobilien_bot_manager.BotManager - INFO - Stoppe alle aktiven Bots...
2025-07-11 02:44:50,106 - app.services.immobilien_bot_manager.BotManager - INFO - Alle Bots gestoppt
2025-07-11 02:45:25,242 - passlib.handlers.bcrypt - WARNING - (trapped) error reading bcrypt version
Traceback (most recent call last):
  File "/Users/khaled/Desktop/Projekt/Wohnblitzer/venv/lib/python3.13/site-packages/passlib/handlers/bcrypt.py", line 620, in _load_backend_mixin
    version = _bcrypt.__about__.__version__
              ^^^^^^^^^^^^^^^^^
AttributeError: module 'bcrypt' has no attribute '__about__'
2025-07-11 02:46:23,858 - app.services.immobilien_bot_manager.BotManager - ERROR - Fehler beim Starten des Bots für User 1: name 'UserBot' is not defined
2025-07-11 02:56:21,070 - app.services.immobilien_bot_manager.BotManager - INFO - Stoppe alle aktiven Bots...
2025-07-11 02:56:21,070 - app.services.immobilien_bot_manager.BotManager - INFO - Alle Bots gestoppt
2025-07-11 03:33:02,275 - app.services.immobilien_bot_manager.BotManager - INFO - Stoppe alle aktiven Bots...
2025-07-11 03:33:02,275 - app.services.immobilien_bot_manager.BotManager - INFO - Alle Bots gestoppt
2025-07-11 20:44:23,139 - passlib.handlers.bcrypt - WARNING - (trapped) error reading bcrypt version
Traceback (most recent call last):
  File "/Users/khaled/Desktop/Projekt/Wohnblitzer/backend/venv/lib/python3.13/site-packages/passlib/handlers/bcrypt.py", line 620, in _load_backend_mixin
    version = _bcrypt.__about__.__version__
              ^^^^^^^^^^^^^^^^^
AttributeError: module 'bcrypt' has no attribute '__about__'
2025-07-11 20:54:36,451 - services.immobilien_bot_manager.BotManager - INFO - Stoppe alle aktiven Bots...
2025-07-11 20:54:36,451 - services.immobilien_bot_manager.BotManager - INFO - Alle Bots gestoppt
2025-07-11 20:55:59,507 - passlib.handlers.bcrypt - WARNING - (trapped) error reading bcrypt version
Traceback (most recent call last):
  File "/Users/khaled/Desktop/Projekt/Wohnblitzer/backend/venv/lib/python3.13/site-packages/passlib/handlers/bcrypt.py", line 620, in _load_backend_mixin
    version = _bcrypt.__about__.__version__
              ^^^^^^^^^^^^^^^^^
AttributeError: module 'bcrypt' has no attribute '__about__'
2025-07-11 21:09:32,023 - services.immobilien_bot_manager.BotManager - INFO - Stoppe alle aktiven Bots...
2025-07-11 21:09:32,023 - services.immobilien_bot_manager.BotManager - INFO - Alle Bots gestoppt
2025-07-11 22:48:13,605 - passlib.handlers.bcrypt - WARNING - (trapped) error reading bcrypt version
Traceback (most recent call last):
  File "/Users/khaled/Desktop/Projekt/Wohnblitzer/backend/venv/lib/python3.13/site-packages/passlib/handlers/bcrypt.py", line 620, in _load_backend_mixin
    version = _bcrypt.__about__.__version__
              ^^^^^^^^^^^^^^^^^
AttributeError: module 'bcrypt' has no attribute '__about__'
2025-07-11 23:14:17,525 - services.immobilien_bot_manager.BotManager - INFO - Stoppe alle aktiven Bots...
2025-07-11 23:14:17,526 - services.immobilien_bot_manager.BotManager - INFO - Alle Bots gestoppt
2025-07-11 23:15:04,597 - passlib.handlers.bcrypt - WARNING - (trapped) error reading bcrypt version
Traceback (most recent call last):
  File "/Users/khaled/Desktop/Projekt/Wohnblitzer/backend/venv/lib/python3.13/site-packages/passlib/handlers/bcrypt.py", line 620, in _load_backend_mixin
    version = _bcrypt.__about__.__version__
              ^^^^^^^^^^^^^^^^^
AttributeError: module 'bcrypt' has no attribute '__about__'
2025-07-11 23:21:24,411 - services.immobilien_bot_manager.BotManager - INFO - Stoppe alle aktiven Bots...
2025-07-11 23:21:24,411 - services.immobilien_bot_manager.BotManager - INFO - Alle Bots gestoppt
2025-07-11 23:22:19,370 - passlib.handlers.bcrypt - WARNING - (trapped) error reading bcrypt version
Traceback (most recent call last):
  File "/Users/khaled/Desktop/Projekt/Wohnblitzer/backend/venv/lib/python3.13/site-packages/passlib/handlers/bcrypt.py", line 620, in _load_backend_mixin
    version = _bcrypt.__about__.__version__
              ^^^^^^^^^^^^^^^^^
AttributeError: module 'bcrypt' has no attribute '__about__'
2025-07-12 18:44:03,268 - services.immobilien_bot_manager.BotManager - INFO - Stoppe alle aktiven Bots...
2025-07-12 18:44:03,268 - services.immobilien_bot_manager.BotManager - INFO - Alle Bots gestoppt
2025-07-12 18:49:09,288 - services.immobilien_bot_manager.BotManager - INFO - Stoppe alle aktiven Bots...
2025-07-12 18:49:09,289 - services.immobilien_bot_manager.BotManager - INFO - Alle Bots gestoppt
2025-07-12 19:00:09,915 - services.immobilien_bot_manager.BotManager - INFO - Stoppe alle aktiven Bots...
2025-07-12 19:00:09,917 - services.immobilien_bot_manager.BotManager - INFO - Alle Bots gestoppt
2025-07-12 19:01:13,302 - passlib.handlers.bcrypt - WARNING - (trapped) error reading bcrypt version
Traceback (most recent call last):
  File "/Users/khaled/Desktop/Projekt/Wohnblitzer/backend/venv/lib/python3.13/site-packages/passlib/handlers/bcrypt.py", line 620, in _load_backend_mixin
    version = _bcrypt.__about__.__version__
              ^^^^^^^^^^^^^^^^^
AttributeError: module 'bcrypt' has no attribute '__about__'
2025-07-12 22:25:03,509 - passlib.handlers.bcrypt - WARNING - (trapped) error reading bcrypt version
Traceback (most recent call last):
  File "/Users/khaled/Desktop/Projekt/Wohnblitzer/backend/venv/lib/python3.13/site-packages/passlib/handlers/bcrypt.py", line 620, in _load_backend_mixin
    version = _bcrypt.__about__.__version__
              ^^^^^^^^^^^^^^^^^
AttributeError: module 'bcrypt' has no attribute '__about__'
2025-07-13 01:19:38,108 - services.immobilien_bot_manager.BotManager - INFO - Stoppe alle aktiven Bots...
2025-07-13 01:19:38,108 - services.immobilien_bot_manager.BotManager - INFO - Alle Bots gestoppt
2025-07-13 01:23:29,116 - passlib.handlers.bcrypt - WARNING - (trapped) error reading bcrypt version
Traceback (most recent call last):
  File "/Users/khaled/Desktop/Projekt/Wohnblitzer/backend/venv/lib/python3.13/site-packages/passlib/handlers/bcrypt.py", line 620, in _load_backend_mixin
    version = _bcrypt.__about__.__version__
              ^^^^^^^^^^^^^^^^^
AttributeError: module 'bcrypt' has no attribute '__about__'
2025-07-13 01:28:05,587 - services.immobilien_bot_manager.BotManager - INFO - Stoppe alle aktiven Bots...
2025-07-13 01:28:05,587 - services.immobilien_bot_manager.BotManager - INFO - Alle Bots gestoppt
2025-07-13 01:28:42,354 - passlib.handlers.bcrypt - WARNING - (trapped) error reading bcrypt version
Traceback (most recent call last):
  File "/Users/khaled/Desktop/Projekt/Wohnblitzer/backend/venv/lib/python3.13/site-packages/passlib/handlers/bcrypt.py", line 620, in _load_backend_mixin
    version = _bcrypt.__about__.__version__
              ^^^^^^^^^^^^^^^^^
AttributeError: module 'bcrypt' has no attribute '__about__'
2025-07-13 01:43:18,364 - services.immobilien_bot_manager.BotManager - INFO - Stoppe alle aktiven Bots...
2025-07-13 01:43:18,365 - services.immobilien_bot_manager.BotManager - INFO - Alle Bots gestoppt
2025-07-13 01:43:52,634 - passlib.handlers.bcrypt - WARNING - (trapped) error reading bcrypt version
Traceback (most recent call last):
  File "/Users/khaled/Desktop/Projekt/Wohnblitzer/backend/venv/lib/python3.13/site-packages/passlib/handlers/bcrypt.py", line 620, in _load_backend_mixin
    version = _bcrypt.__about__.__version__
              ^^^^^^^^^^^^^^^^^
AttributeError: module 'bcrypt' has no attribute '__about__'
2025-07-13 16:41:33,178 - services.immobilien_bot_manager.BotManager - INFO - Stoppe alle aktiven Bots...
2025-07-13 16:41:33,178 - services.immobilien_bot_manager.BotManager - INFO - Alle Bots gestoppt
2025-07-13 16:43:46,208 - passlib.handlers.bcrypt - WARNING - (trapped) error reading bcrypt version
Traceback (most recent call last):
  File "/Users/khaled/Desktop/Projekt/Wohnblitzer/backend/venv/lib/python3.13/site-packages/passlib/handlers/bcrypt.py", line 620, in _load_backend_mixin
    version = _bcrypt.__about__.__version__
              ^^^^^^^^^^^^^^^^^
AttributeError: module 'bcrypt' has no attribute '__about__'
2025-07-13 16:44:42,415 - services.immobilien_bot_manager.BotManager - INFO - Stoppe alle aktiven Bots...
2025-07-13 16:44:42,416 - services.immobilien_bot_manager.BotManager - INFO - Alle Bots gestoppt
2025-07-13 16:45:04,467 - services.immobilien_bot_manager.BotManager - INFO - Stoppe alle aktiven Bots...
2025-07-13 16:45:04,467 - services.immobilien_bot_manager.BotManager - INFO - Alle Bots gestoppt
2025-07-13 16:45:33,377 - services.immobilien_bot_manager.BotManager - INFO - Stoppe alle aktiven Bots...
2025-07-13 16:45:33,377 - services.immobilien_bot_manager.BotManager - INFO - Alle Bots gestoppt
2025-07-13 16:46:44,210 - passlib.handlers.bcrypt - WARNING - (trapped) error reading bcrypt version
Traceback (most recent call last):
  File "/Users/khaled/Desktop/Projekt/Wohnblitzer/backend/venv/lib/python3.13/site-packages/passlib/handlers/bcrypt.py", line 620, in _load_backend_mixin
    version = _bcrypt.__about__.__version__
              ^^^^^^^^^^^^^^^^^
AttributeError: module 'bcrypt' has no attribute '__about__'
2025-07-13 16:54:15,522 - services.immobilien_bot_manager.BotManager - INFO - Stoppe alle aktiven Bots...
2025-07-13 16:54:15,522 - services.immobilien_bot_manager.BotManager - INFO - Alle Bots gestoppt
2025-07-13 16:54:41,272 - services.immobilien_bot_manager.BotManager - INFO - Stoppe alle aktiven Bots...
2025-07-13 16:54:41,273 - services.immobilien_bot_manager.BotManager - INFO - Alle Bots gestoppt
2025-07-13 16:55:31,134 - passlib.handlers.bcrypt - WARNING - (trapped) error reading bcrypt version
Traceback (most recent call last):
  File "/Users/khaled/Desktop/Projekt/Wohnblitzer/backend/venv/lib/python3.13/site-packages/passlib/handlers/bcrypt.py", line 620, in _load_backend_mixin
    version = _bcrypt.__about__.__version__
              ^^^^^^^^^^^^^^^^^
AttributeError: module 'bcrypt' has no attribute '__about__'
2025-07-13 17:01:47,630 - services.immobilien_bot_manager.BotManager - INFO - Stoppe alle aktiven Bots...
2025-07-13 17:01:47,631 - services.immobilien_bot_manager.BotManager - INFO - Alle Bots gestoppt
2025-07-13 17:03:05,370 - passlib.handlers.bcrypt - WARNING - (trapped) error reading bcrypt version
Traceback (most recent call last):
  File "/Users/khaled/Desktop/Projekt/Wohnblitzer/backend/venv/lib/python3.13/site-packages/passlib/handlers/bcrypt.py", line 620, in _load_backend_mixin
    version = _bcrypt.__about__.__version__
              ^^^^^^^^^^^^^^^^^
AttributeError: module 'bcrypt' has no attribute '__about__'
2025-07-13 17:10:45,814 - services.immobilien_bot_manager.BotManager - INFO - Stoppe alle aktiven Bots...
2025-07-13 17:10:45,814 - services.immobilien_bot_manager.BotManager - INFO - Alle Bots gestoppt
2025-07-13 17:12:26,380 - passlib.handlers.bcrypt - WARNING - (trapped) error reading bcrypt version
Traceback (most recent call last):
  File "/Users/khaled/Desktop/Projekt/Wohnblitzer/backend/venv/lib/python3.13/site-packages/passlib/handlers/bcrypt.py", line 620, in _load_backend_mixin
    version = _bcrypt.__about__.__version__
              ^^^^^^^^^^^^^^^^^
AttributeError: module 'bcrypt' has no attribute '__about__'
2025-07-13 17:18:17,070 - services.immobilien_bot_manager.BotManager - INFO - Stoppe alle aktiven Bots...
2025-07-13 17:18:17,070 - services.immobilien_bot_manager.BotManager - INFO - Alle Bots gestoppt
2025-07-13 17:19:33,460 - passlib.handlers.bcrypt - WARNING - (trapped) error reading bcrypt version
Traceback (most recent call last):
  File "/Users/khaled/Desktop/Projekt/Wohnblitzer/backend/venv/lib/python3.13/site-packages/passlib/handlers/bcrypt.py", line 620, in _load_backend_mixin
    version = _bcrypt.__about__.__version__
              ^^^^^^^^^^^^^^^^^
AttributeError: module 'bcrypt' has no attribute '__about__'
2025-07-13 17:29:49,255 - services.immobilien_bot_manager.BotManager - INFO - Stoppe alle aktiven Bots...
2025-07-13 17:29:49,255 - services.immobilien_bot_manager.BotManager - INFO - Alle Bots gestoppt
2025-07-13 17:30:00,123 - passlib.handlers.bcrypt - WARNING - (trapped) error reading bcrypt version
Traceback (most recent call last):
  File "/Users/khaled/Desktop/Projekt/Wohnblitzer/backend/venv/lib/python3.13/site-packages/passlib/handlers/bcrypt.py", line 620, in _load_backend_mixin
    version = _bcrypt.__about__.__version__
              ^^^^^^^^^^^^^^^^^
AttributeError: module 'bcrypt' has no attribute '__about__'
2025-07-13 17:33:36,728 - services.immobilien_bot_manager.BotManager - INFO - Stoppe alle aktiven Bots...
2025-07-13 17:33:36,728 - services.immobilien_bot_manager.BotManager - INFO - Alle Bots gestoppt
2025-07-13 17:34:27,773 - passlib.handlers.bcrypt - WARNING - (trapped) error reading bcrypt version
Traceback (most recent call last):
  File "/Users/khaled/Desktop/Projekt/Wohnblitzer/backend/venv/lib/python3.13/site-packages/passlib/handlers/bcrypt.py", line 620, in _load_backend_mixin
    version = _bcrypt.__about__.__version__
              ^^^^^^^^^^^^^^^^^
AttributeError: module 'bcrypt' has no attribute '__about__'
2025-07-13 17:36:22,083 - services.immobilien_bot_manager.BotManager - INFO - Stoppe alle aktiven Bots...
2025-07-13 17:36:22,084 - services.immobilien_bot_manager.BotManager - INFO - Alle Bots gestoppt
2025-07-13 17:37:08,998 - passlib.handlers.bcrypt - WARNING - (trapped) error reading bcrypt version
Traceback (most recent call last):
  File "/Users/khaled/Desktop/Projekt/Wohnblitzer/backend/venv/lib/python3.13/site-packages/passlib/handlers/bcrypt.py", line 620, in _load_backend_mixin
    version = _bcrypt.__about__.__version__
              ^^^^^^^^^^^^^^^^^
AttributeError: module 'bcrypt' has no attribute '__about__'
2025-07-13 17:38:34,107 - services.immobilien_bot_manager.BotManager - INFO - Stoppe alle aktiven Bots...
2025-07-13 17:38:34,108 - services.immobilien_bot_manager.BotManager - INFO - Alle Bots gestoppt
2025-07-13 17:39:25,978 - passlib.handlers.bcrypt - WARNING - (trapped) error reading bcrypt version
Traceback (most recent call last):
  File "/Users/khaled/Desktop/Projekt/Wohnblitzer/backend/venv/lib/python3.13/site-packages/passlib/handlers/bcrypt.py", line 620, in _load_backend_mixin
    version = _bcrypt.__about__.__version__
              ^^^^^^^^^^^^^^^^^
AttributeError: module 'bcrypt' has no attribute '__about__'
2025-07-13 17:44:58,473 - services.immobilien_bot_manager.BotManager - INFO - Stoppe alle aktiven Bots...
2025-07-13 17:44:58,473 - services.immobilien_bot_manager.BotManager - INFO - Alle Bots gestoppt
2025-07-13 17:45:45,445 - passlib.handlers.bcrypt - WARNING - (trapped) error reading bcrypt version
Traceback (most recent call last):
  File "/Users/khaled/Desktop/Projekt/Wohnblitzer/backend/venv/lib/python3.13/site-packages/passlib/handlers/bcrypt.py", line 620, in _load_backend_mixin
    version = _bcrypt.__about__.__version__
              ^^^^^^^^^^^^^^^^^
AttributeError: module 'bcrypt' has no attribute '__about__'
2025-07-13 17:50:44,720 - services.immobilien_bot_manager.BotManager - INFO - Stoppe alle aktiven Bots...
2025-07-13 17:50:44,721 - services.immobilien_bot_manager.BotManager - INFO - Alle Bots gestoppt
2025-07-13 17:51:05,001 - passlib.handlers.bcrypt - WARNING - (trapped) error reading bcrypt version
Traceback (most recent call last):
  File "/Users/khaled/Desktop/Projekt/Wohnblitzer/backend/venv/lib/python3.13/site-packages/passlib/handlers/bcrypt.py", line 620, in _load_backend_mixin
    version = _bcrypt.__about__.__version__
              ^^^^^^^^^^^^^^^^^
AttributeError: module 'bcrypt' has no attribute '__about__'
2025-07-13 17:57:10,430 - services.immobilien_bot_manager.BotManager - INFO - Stoppe alle aktiven Bots...
2025-07-13 17:57:10,430 - services.immobilien_bot_manager.BotManager - INFO - Alle Bots gestoppt
2025-07-13 17:57:47,139 - passlib.handlers.bcrypt - WARNING - (trapped) error reading bcrypt version
Traceback (most recent call last):
  File "/Users/khaled/Desktop/Projekt/Wohnblitzer/backend/venv/lib/python3.13/site-packages/passlib/handlers/bcrypt.py", line 620, in _load_backend_mixin
    version = _bcrypt.__about__.__version__
              ^^^^^^^^^^^^^^^^^
AttributeError: module 'bcrypt' has no attribute '__about__'
2025-07-13 18:04:50,001 - services.immobilien_bot_manager.BotManager - INFO - Stoppe alle aktiven Bots...
2025-07-13 18:04:50,001 - services.immobilien_bot_manager.BotManager - INFO - Alle Bots gestoppt
2025-07-13 18:05:59,084 - passlib.handlers.bcrypt - WARNING - (trapped) error reading bcrypt version
Traceback (most recent call last):
  File "/Users/khaled/Desktop/Projekt/Wohnblitzer/backend/venv/lib/python3.13/site-packages/passlib/handlers/bcrypt.py", line 620, in _load_backend_mixin
    version = _bcrypt.__about__.__version__
              ^^^^^^^^^^^^^^^^^
AttributeError: module 'bcrypt' has no attribute '__about__'
2025-07-13 19:44:15,533 - services.immobilien_bot_manager.BotManager - INFO - Stoppe alle aktiven Bots...
2025-07-13 19:44:15,533 - services.immobilien_bot_manager.BotManager - INFO - Alle Bots gestoppt
2025-07-13 20:07:06,036 - passlib.handlers.bcrypt - WARNING - (trapped) error reading bcrypt version
Traceback (most recent call last):
  File "/Users/khaled/Desktop/Projekt/Wohnblitzer/backend/venv/lib/python3.13/site-packages/passlib/handlers/bcrypt.py", line 620, in _load_backend_mixin
    version = _bcrypt.__about__.__version__
              ^^^^^^^^^^^^^^^^^
AttributeError: module 'bcrypt' has no attribute '__about__'
2025-07-14 14:18:36,099 - services.immobilien_bot_manager.BotManager - INFO - Stoppe alle aktiven Bots...
2025-07-14 14:18:36,100 - services.immobilien_bot_manager.BotManager - INFO - Alle Bots gestoppt
2025-07-14 14:20:13,798 - passlib.handlers.bcrypt - WARNING - (trapped) error reading bcrypt version
Traceback (most recent call last):
  File "/Users/khaled/Desktop/Projekt/Wohnblitzer/backend/venv/lib/python3.13/site-packages/passlib/handlers/bcrypt.py", line 620, in _load_backend_mixin
    version = _bcrypt.__about__.__version__
              ^^^^^^^^^^^^^^^^^
AttributeError: module 'bcrypt' has no attribute '__about__'
2025-07-14 14:40:09,348 - services.immobilien_bot_manager.BotManager - INFO - Stoppe alle aktiven Bots...
2025-07-14 14:40:09,349 - services.immobilien_bot_manager.BotManager - INFO - Alle Bots gestoppt
2025-07-14 14:40:32,868 - passlib.handlers.bcrypt - WARNING - (trapped) error reading bcrypt version
Traceback (most recent call last):
  File "/Users/khaled/Desktop/Projekt/Wohnblitzer/backend/venv/lib/python3.13/site-packages/passlib/handlers/bcrypt.py", line 620, in _load_backend_mixin
    version = _bcrypt.__about__.__version__
              ^^^^^^^^^^^^^^^^^
AttributeError: module 'bcrypt' has no attribute '__about__'
2025-07-14 15:35:21,013 - services.immobilien_bot_manager.BotManager - INFO - Stoppe alle aktiven Bots...
2025-07-14 15:35:21,013 - services.immobilien_bot_manager.BotManager - INFO - Alle Bots gestoppt
2025-07-14 16:24:58,507 - passlib.handlers.bcrypt - WARNING - (trapped) error reading bcrypt version
Traceback (most recent call last):
  File "/Users/khaled/Desktop/Projekt/Wohnblitzer/backend/venv/lib/python3.13/site-packages/passlib/handlers/bcrypt.py", line 620, in _load_backend_mixin
    version = _bcrypt.__about__.__version__
              ^^^^^^^^^^^^^^^^^
AttributeError: module 'bcrypt' has no attribute '__about__'
2025-07-14 16:25:23,278 - services.immobilien_bot_manager.BotManager - INFO - Stoppe alle aktiven Bots...
2025-07-14 16:25:23,278 - services.immobilien_bot_manager.BotManager - INFO - Alle Bots gestoppt
2025-07-14 16:27:26,314 - services.immobilien_bot_manager.BotManager - INFO - Stoppe alle aktiven Bots...
2025-07-14 16:27:26,314 - services.immobilien_bot_manager.BotManager - INFO - Alle Bots gestoppt
2025-07-14 16:28:34,041 - services.immobilien_bot_manager.BotManager - INFO - Stoppe alle aktiven Bots...
2025-07-14 16:28:34,041 - services.immobilien_bot_manager.BotManager - INFO - Alle Bots gestoppt
2025-07-14 16:29:41,383 - passlib.handlers.bcrypt - WARNING - (trapped) error reading bcrypt version
Traceback (most recent call last):
  File "/Users/khaled/Desktop/Projekt/Wohnblitzer/backend/venv/lib/python3.13/site-packages/passlib/handlers/bcrypt.py", line 620, in _load_backend_mixin
    version = _bcrypt.__about__.__version__
              ^^^^^^^^^^^^^^^^^
AttributeError: module 'bcrypt' has no attribute '__about__'
2025-07-14 17:42:41,998 - services.immobilien_bot_manager.BotManager - INFO - Stoppe alle aktiven Bots...
2025-07-14 17:42:41,998 - services.immobilien_bot_manager.BotManager - INFO - Alle Bots gestoppt
2025-07-14 17:48:32,838 - passlib.handlers.bcrypt - WARNING - (trapped) error reading bcrypt version
Traceback (most recent call last):
  File "/Users/khaled/Desktop/Projekt/Wohnblitzer/backend/venv/lib/python3.13/site-packages/passlib/handlers/bcrypt.py", line 620, in _load_backend_mixin
    version = _bcrypt.__about__.__version__
              ^^^^^^^^^^^^^^^^^
AttributeError: module 'bcrypt' has no attribute '__about__'
2025-07-14 19:05:00,019 - services.immobilien_bot_manager.BotManager - INFO - Stoppe alle aktiven Bots...
2025-07-14 19:05:00,020 - services.immobilien_bot_manager.BotManager - INFO - Alle Bots gestoppt
2025-07-14 19:05:51,004 - passlib.handlers.bcrypt - WARNING - (trapped) error reading bcrypt version
Traceback (most recent call last):
  File "/Users/khaled/Desktop/Projekt/Wohnblitzer/backend/venv/lib/python3.13/site-packages/passlib/handlers/bcrypt.py", line 620, in _load_backend_mixin
    version = _bcrypt.__about__.__version__
              ^^^^^^^^^^^^^^^^^
AttributeError: module 'bcrypt' has no attribute '__about__'
2025-07-14 19:23:40,188 - services.immobilien_bot_manager.BotManager - INFO - Stoppe alle aktiven Bots...
2025-07-14 19:23:40,188 - services.immobilien_bot_manager.BotManager - INFO - Alle Bots gestoppt
2025-07-14 19:24:26,981 - passlib.handlers.bcrypt - WARNING - (trapped) error reading bcrypt version
Traceback (most recent call last):
  File "/Users/khaled/Desktop/Projekt/Wohnblitzer/backend/venv/lib/python3.13/site-packages/passlib/handlers/bcrypt.py", line 620, in _load_backend_mixin
    version = _bcrypt.__about__.__version__
              ^^^^^^^^^^^^^^^^^
AttributeError: module 'bcrypt' has no attribute '__about__'
2025-07-14 19:41:30,039 - services.immobilien_bot_manager.BotManager - INFO - Stoppe alle aktiven Bots...
2025-07-14 19:41:30,039 - services.immobilien_bot_manager.BotManager - INFO - Alle Bots gestoppt
2025-07-14 19:45:49,545 - passlib.handlers.bcrypt - WARNING - (trapped) error reading bcrypt version
Traceback (most recent call last):
  File "/opt/homebrew/lib/python3.13/site-packages/passlib/handlers/bcrypt.py", line 620, in _load_backend_mixin
    version = _bcrypt.__about__.__version__
              ^^^^^^^^^^^^^^^^^
AttributeError: module 'bcrypt' has no attribute '__about__'
2025-07-14 19:59:10,470 - passlib.handlers.bcrypt - WARNING - (trapped) error reading bcrypt version
Traceback (most recent call last):
  File "/opt/homebrew/lib/python3.13/site-packages/passlib/handlers/bcrypt.py", line 620, in _load_backend_mixin
    version = _bcrypt.__about__.__version__
              ^^^^^^^^^^^^^^^^^
AttributeError: module 'bcrypt' has no attribute '__about__'
2025-07-15 20:30:08,010 - services.immobilien_bot_manager.BotManager - INFO - Stoppe alle aktiven Bots...
2025-07-15 20:30:08,011 - services.immobilien_bot_manager.BotManager - INFO - Alle Bots gestoppt
2025-07-15 20:31:42,679 - passlib.handlers.bcrypt - WARNING - (trapped) error reading bcrypt version
Traceback (most recent call last):
  File "/Users/khaled/Desktop/Projekt/Wohnblitzer/backend/venv/lib/python3.13/site-packages/passlib/handlers/bcrypt.py", line 620, in _load_backend_mixin
    version = _bcrypt.__about__.__version__
              ^^^^^^^^^^^^^^^^^
AttributeError: module 'bcrypt' has no attribute '__about__'
2025-07-15 20:39:19,422 - services.immobilien_bot_manager.BotManager - INFO - Stoppe alle aktiven Bots...
2025-07-15 20:39:19,423 - services.immobilien_bot_manager.BotManager - INFO - Alle Bots gestoppt
2025-07-15 20:39:36,866 - services.immobilien_bot_manager.BotManager - INFO - Stoppe alle aktiven Bots...
2025-07-15 20:39:36,866 - services.immobilien_bot_manager.BotManager - INFO - Alle Bots gestoppt
2025-07-15 20:39:43,332 - services.immobilien_bot_manager.BotManager - INFO - Stoppe alle aktiven Bots...
2025-07-15 20:39:43,332 - services.immobilien_bot_manager.BotManager - INFO - Alle Bots gestoppt
2025-07-15 20:42:08,801 - passlib.handlers.bcrypt - WARNING - (trapped) error reading bcrypt version
Traceback (most recent call last):
  File "/opt/homebrew/lib/python3.13/site-packages/passlib/handlers/bcrypt.py", line 620, in _load_backend_mixin
    version = _bcrypt.__about__.__version__
              ^^^^^^^^^^^^^^^^^
AttributeError: module 'bcrypt' has no attribute '__about__'
2025-07-15 20:43:07,602 - services.immobilien_bot_manager.BotManager - INFO - Stoppe alle aktiven Bots...
2025-07-15 20:43:07,602 - services.immobilien_bot_manager.BotManager - INFO - Alle Bots gestoppt
2025-07-15 20:56:19,867 - services.immobilien_bot_manager.BotManager - INFO - Stoppe alle aktiven Bots...
2025-07-15 20:56:19,868 - services.immobilien_bot_manager.BotManager - INFO - Alle Bots gestoppt
2025-07-15 20:56:43,363 - services.immobilien_bot_manager.BotManager - INFO - Stoppe alle aktiven Bots...
2025-07-15 20:56:43,364 - services.immobilien_bot_manager.BotManager - INFO - Alle Bots gestoppt
2025-07-15 21:00:45,892 - passlib.handlers.bcrypt - WARNING - (trapped) error reading bcrypt version
Traceback (most recent call last):
  File "/opt/homebrew/lib/python3.13/site-packages/passlib/handlers/bcrypt.py", line 620, in _load_backend_mixin
    version = _bcrypt.__about__.__version__
              ^^^^^^^^^^^^^^^^^
AttributeError: module 'bcrypt' has no attribute '__about__'
2025-07-15 21:04:00,742 - services.immobilien_bot_manager.BotManager - INFO - Stoppe alle aktiven Bots...
2025-07-15 21:04:00,742 - services.immobilien_bot_manager.BotManager - INFO - Alle Bots gestoppt
2025-07-15 21:13:07,372 - services.immobilien_bot_manager.BotManager - INFO - Stoppe alle aktiven Bots...
2025-07-15 21:13:07,372 - services.immobilien_bot_manager.BotManager - INFO - Alle Bots gestoppt
2025-07-15 21:21:12,793 - passlib.handlers.bcrypt - WARNING - (trapped) error reading bcrypt version
Traceback (most recent call last):
  File "/Users/khaled/Desktop/Projekt/Wohnblitzer/backend/venv/lib/python3.13/site-packages/passlib/handlers/bcrypt.py", line 620, in _load_backend_mixin
    version = _bcrypt.__about__.__version__
              ^^^^^^^^^^^^^^^^^
AttributeError: module 'bcrypt' has no attribute '__about__'
2025-07-15 21:23:04,146 - services.immobilien_bot_manager.BotManager - INFO - Stoppe alle aktiven Bots...
2025-07-15 21:23:04,147 - services.immobilien_bot_manager.BotManager - INFO - Alle Bots gestoppt
2025-07-15 21:26:04,994 - services.immobilien_bot_manager.BotManager - INFO - Stoppe alle aktiven Bots...
2025-07-15 21:26:04,995 - services.immobilien_bot_manager.BotManager - INFO - Alle Bots gestoppt
2025-07-15 21:27:57,059 - services.immobilien_bot_manager.BotManager - INFO - Stoppe alle aktiven Bots...
2025-07-15 21:27:57,059 - services.immobilien_bot_manager.BotManager - INFO - Alle Bots gestoppt
2025-07-15 21:28:06,115 - services.immobilien_bot_manager.BotManager - INFO - Stoppe alle aktiven Bots...
2025-07-15 21:28:06,115 - services.immobilien_bot_manager.BotManager - INFO - Alle Bots gestoppt
2025-07-15 21:28:17,700 - passlib.handlers.bcrypt - WARNING - (trapped) error reading bcrypt version
Traceback (most recent call last):
  File "/Users/khaled/Desktop/Projekt/Wohnblitzer/backend/venv/lib/python3.13/site-packages/passlib/handlers/bcrypt.py", line 620, in _load_backend_mixin
    version = _bcrypt.__about__.__version__
              ^^^^^^^^^^^^^^^^^
AttributeError: module 'bcrypt' has no attribute '__about__'
2025-07-15 21:31:04,811 - services.immobilien_bot_manager.BotManager - INFO - Stoppe alle aktiven Bots...
2025-07-15 21:31:04,812 - services.immobilien_bot_manager.BotManager - INFO - Alle Bots gestoppt
2025-07-15 21:37:46,219 - services.immobilien_bot_manager.BotManager - INFO - Stoppe alle aktiven Bots...
2025-07-15 21:37:46,220 - services.immobilien_bot_manager.BotManager - INFO - Alle Bots gestoppt
2025-07-15 21:39:23,704 - services.immobilien_bot_manager.BotManager - INFO - Stoppe alle aktiven Bots...
2025-07-15 21:39:23,704 - services.immobilien_bot_manager.BotManager - INFO - Alle Bots gestoppt
2025-07-15 21:39:45,870 - services.immobilien_bot_manager.BotManager - INFO - Stoppe alle aktiven Bots...
2025-07-15 21:39:45,870 - services.immobilien_bot_manager.BotManager - INFO - Alle Bots gestoppt
2025-07-15 21:39:50,342 - passlib.handlers.bcrypt - WARNING - (trapped) error reading bcrypt version
Traceback (most recent call last):
  File "/Users/khaled/Desktop/Projekt/Wohnblitzer/backend/venv/lib/python3.13/site-packages/passlib/handlers/bcrypt.py", line 620, in _load_backend_mixin
    version = _bcrypt.__about__.__version__
              ^^^^^^^^^^^^^^^^^
AttributeError: module 'bcrypt' has no attribute '__about__'
2025-07-15 21:45:58,689 - services.immobilien_bot_manager.BotManager - INFO - Stoppe alle aktiven Bots...
2025-07-15 21:45:58,690 - services.immobilien_bot_manager.BotManager - INFO - Alle Bots gestoppt
2025-07-15 21:50:45,941 - services.immobilien_bot_manager.BotManager - INFO - Stoppe alle aktiven Bots...
2025-07-15 21:50:45,941 - services.immobilien_bot_manager.BotManager - INFO - Alle Bots gestoppt
2025-07-15 21:50:50,442 - passlib.handlers.bcrypt - WARNING - (trapped) error reading bcrypt version
Traceback (most recent call last):
  File "/Users/khaled/Desktop/Projekt/Wohnblitzer/backend/venv/lib/python3.13/site-packages/passlib/handlers/bcrypt.py", line 620, in _load_backend_mixin
    version = _bcrypt.__about__.__version__
              ^^^^^^^^^^^^^^^^^
AttributeError: module 'bcrypt' has no attribute '__about__'
2025-07-15 21:56:12,733 - services.immobilien_bot_manager.BotManager - INFO - Stoppe alle aktiven Bots...
2025-07-15 21:56:12,733 - services.immobilien_bot_manager.BotManager - INFO - Alle Bots gestoppt
2025-07-15 22:18:07,849 - services.immobilien_bot_manager.BotManager - INFO - Stoppe alle aktiven Bots...
2025-07-15 22:18:07,850 - services.immobilien_bot_manager.BotManager - INFO - Alle Bots gestoppt
