{"asctime": "2025-07-11 02:22:51", "name": "bot.main", "levelname": "INFO", "message": "Starte Wohnblitzer API...", "user_id": null, "taskName": "Task-2", "timestamp": "2025-07-11T02:22:51.987197"}
{"asctime": "2025-07-11 02:22:51", "name": "bot.maintenance", "levelname": "INFO", "message": "Wartungsservice gestartet (Intervall: 30 Minuten)", "user_id": null, "taskName": "Task-2", "timestamp": "2025-07-11T02:22:51.987303"}
{"asctime": "2025-07-11 02:22:51", "name": "bot.main", "levelname": "INFO", "message": "Wohnblitzer API erfolgreich gestartet", "user_id": null, "taskName": "Task-2", "timestamp": "2025-07-11T02:22:51.987345"}
{"asctime": "2025-07-11 02:22:51", "name": "bot.maintenance", "levelname": "INFO", "message": "Starte Wartungsaufgaben...", "user_id": null, "taskName": "Task-3", "timestamp": "2025-07-11T02:22:51.987417"}
{"asctime": "2025-07-11 02:22:51", "name": "bot.maintenance", "levelname": "ERROR", "message": "Fehler beim Aktualisieren der Metriken: (sqlite3.OperationalError) no such column: bewerbungen.wohnungsname\n[SQL: SELECT count(*) AS count_1 \nFROM (SELECT bewerbungen.id AS bewerbungen_id, bewerbungen.user_id AS bewerbungen_user_id, bewerbungen.wohnungsname AS bewerbungen_wohnungsname, bewerbungen.adresse AS bewerbungen_adresse, bewerbungen.preis AS bewerbungen_preis, bewerbungen.anzahl_zimmer AS bewerbungen_anzahl_zimmer, bewerbungen.status AS bewerbungen_status, bewerbungen.bewerbungsdatum AS bewerbungen_bewerbungsdatum, bewerbungen.created_at AS bewerbungen_created_at, bewerbungen.updated_at AS bewerbungen_updated_at \nFROM bewerbungen \nWHERE bewerbungen.bewerbungsdatum >= ?) AS anon_1]\n[parameters: ('2025-07-10 02:22:51.997390',)]\n(Background on this error at: https://sqlalche.me/e/20/e3q8)", "user_id": null, "taskName": "Task-3", "timestamp": "2025-07-11T02:22:51.999053"}
{"asctime": "2025-07-11 02:22:52", "name": "bot.maintenance", "levelname": "ERROR", "message": "Fehler beim Datenbank-Cleanup: (sqlite3.OperationalError) no such column: bewerbungen.wohnungsname\n[SQL: SELECT count(*) AS count_1 \nFROM (SELECT bewerbungen.id AS bewerbungen_id, bewerbungen.user_id AS bewerbungen_user_id, bewerbungen.wohnungsname AS bewerbungen_wohnungsname, bewerbungen.adresse AS bewerbungen_adresse, bewerbungen.preis AS bewerbungen_preis, bewerbungen.anzahl_zimmer AS bewerbungen_anzahl_zimmer, bewerbungen.status AS bewerbungen_status, bewerbungen.bewerbungsdatum AS bewerbungen_bewerbungsdatum, bewerbungen.created_at AS bewerbungen_created_at, bewerbungen.updated_at AS bewerbungen_updated_at \nFROM bewerbungen \nWHERE bewerbungen.bewerbungsdatum < ?) AS anon_1]\n[parameters: ('2024-07-11 02:22:51.999118',)]\n(Background on this error at: https://sqlalche.me/e/20/e3q8)", "user_id": null, "taskName": "Task-3", "timestamp": "2025-07-11T02:22:52.001047"}
{"asctime": "2025-07-11 02:22:52", "name": "bot.maintenance", "levelname": "INFO", "message": "Wartungsaufgaben abgeschlossen", "user_id": null, "taskName": "Task-3", "timestamp": "2025-07-11T02:22:52.001120"}
{"asctime": "2025-07-11 02:30:31", "name": "bot.main", "levelname": "INFO", "message": "Stoppe Wohnblitzer API...", "user_id": null, "taskName": "Task-2", "timestamp": "2025-07-11T02:30:31.702389"}
{"asctime": "2025-07-11 02:30:31", "name": "bot.maintenance", "levelname": "INFO", "message": "Wartungsservice gestoppt", "user_id": null, "taskName": "Task-2", "timestamp": "2025-07-11T02:30:31.703604"}
{"asctime": "2025-07-11 02:30:31", "name": "bot.main", "levelname": "INFO", "message": "Wohnblitzer API erfolgreich gestoppt", "user_id": null, "taskName": "Task-2", "timestamp": "2025-07-11T02:30:31.703910"}
{"asctime": "2025-07-11 02:35:54", "name": "bot.main", "levelname": "INFO", "message": "Starte Wohnblitzer API...", "user_id": null, "taskName": "Task-2", "timestamp": "2025-07-11T02:35:54.207516"}
{"asctime": "2025-07-11 02:35:54", "name": "bot.maintenance", "levelname": "INFO", "message": "Wartungsservice gestartet (Intervall: 30 Minuten)", "user_id": null, "taskName": "Task-2", "timestamp": "2025-07-11T02:35:54.207740"}
{"asctime": "2025-07-11 02:35:54", "name": "bot.main", "levelname": "INFO", "message": "Wohnblitzer API erfolgreich gestartet", "user_id": null, "taskName": "Task-2", "timestamp": "2025-07-11T02:35:54.207806"}
{"asctime": "2025-07-11 02:35:54", "name": "bot.maintenance", "levelname": "INFO", "message": "Starte Wartungsaufgaben...", "user_id": null, "taskName": "Task-3", "timestamp": "2025-07-11T02:35:54.207896"}
{"asctime": "2025-07-11 02:35:54", "name": "bot.maintenance", "levelname": "ERROR", "message": "Fehler beim Aktualisieren der Metriken: (sqlite3.OperationalError) no such column: bewerbungen.wohnungsname\n[SQL: SELECT count(*) AS count_1 \nFROM (SELECT bewerbungen.id AS bewerbungen_id, bewerbungen.user_id AS bewerbungen_user_id, bewerbungen.wohnungsname AS bewerbungen_wohnungsname, bewerbungen.adresse AS bewerbungen_adresse, bewerbungen.preis AS bewerbungen_preis, bewerbungen.anzahl_zimmer AS bewerbungen_anzahl_zimmer, bewerbungen.status AS bewerbungen_status, bewerbungen.bewerbungsdatum AS bewerbungen_bewerbungsdatum, bewerbungen.created_at AS bewerbungen_created_at, bewerbungen.updated_at AS bewerbungen_updated_at \nFROM bewerbungen \nWHERE bewerbungen.bewerbungsdatum >= ?) AS anon_1]\n[parameters: ('2025-07-10 02:35:54.219848',)]\n(Background on this error at: https://sqlalche.me/e/20/e3q8)", "user_id": null, "taskName": "Task-3", "timestamp": "2025-07-11T02:35:54.221332"}
{"asctime": "2025-07-11 02:35:54", "name": "bot.maintenance", "levelname": "ERROR", "message": "Fehler beim Datenbank-Cleanup: (sqlite3.OperationalError) no such column: bewerbungen.wohnungsname\n[SQL: SELECT count(*) AS count_1 \nFROM (SELECT bewerbungen.id AS bewerbungen_id, bewerbungen.user_id AS bewerbungen_user_id, bewerbungen.wohnungsname AS bewerbungen_wohnungsname, bewerbungen.adresse AS bewerbungen_adresse, bewerbungen.preis AS bewerbungen_preis, bewerbungen.anzahl_zimmer AS bewerbungen_anzahl_zimmer, bewerbungen.status AS bewerbungen_status, bewerbungen.bewerbungsdatum AS bewerbungen_bewerbungsdatum, bewerbungen.created_at AS bewerbungen_created_at, bewerbungen.updated_at AS bewerbungen_updated_at \nFROM bewerbungen \nWHERE bewerbungen.bewerbungsdatum < ?) AS anon_1]\n[parameters: ('2024-07-11 02:35:54.221382',)]\n(Background on this error at: https://sqlalche.me/e/20/e3q8)", "user_id": null, "taskName": "Task-3", "timestamp": "2025-07-11T02:35:54.222432"}
{"asctime": "2025-07-11 02:35:54", "name": "bot.maintenance", "levelname": "INFO", "message": "Wartungsaufgaben abgeschlossen", "user_id": null, "taskName": "Task-3", "timestamp": "2025-07-11T02:35:54.222482"}
{"asctime": "2025-07-11 02:43:06", "name": "bot.main", "levelname": "INFO", "message": "Starte Wohnblitzer API...", "user_id": null, "taskName": "Task-2", "timestamp": "2025-07-11T02:43:06.844683"}
{"asctime": "2025-07-11 02:43:06", "name": "bot.maintenance", "levelname": "INFO", "message": "Wartungsservice gestartet (Intervall: 30 Minuten)", "user_id": null, "taskName": "Task-2", "timestamp": "2025-07-11T02:43:06.844920"}
{"asctime": "2025-07-11 02:43:06", "name": "bot.main", "levelname": "INFO", "message": "Wohnblitzer API erfolgreich gestartet", "user_id": null, "taskName": "Task-2", "timestamp": "2025-07-11T02:43:06.844986"}
{"asctime": "2025-07-11 02:43:06", "name": "bot.maintenance", "levelname": "INFO", "message": "Starte Wartungsaufgaben...", "user_id": null, "taskName": "Task-3", "timestamp": "2025-07-11T02:43:06.845057"}
{"asctime": "2025-07-11 02:43:06", "name": "bot.maintenance", "levelname": "INFO", "message": "Metriken aktualisiert: 0 Bewerbungen, 0 erfolgreich, 0 Fehler", "user_id": null, "taskName": "Task-3", "timestamp": "2025-07-11T02:43:06.860279"}
{"asctime": "2025-07-11 02:43:06", "name": "bot.maintenance", "levelname": "INFO", "message": "Wartungsaufgaben abgeschlossen", "user_id": null, "taskName": "Task-3", "timestamp": "2025-07-11T02:43:06.861340"}
{"asctime": "2025-07-11 02:43:06", "name": "bot.main", "levelname": "INFO", "message": "Stoppe Wohnblitzer API...", "user_id": null, "taskName": "Task-2", "timestamp": "2025-07-11T02:43:06.861711"}
{"asctime": "2025-07-11 02:43:06", "name": "bot.maintenance", "levelname": "INFO", "message": "Wartungsservice gestoppt", "user_id": null, "taskName": "Task-2", "timestamp": "2025-07-11T02:43:06.861832"}
{"asctime": "2025-07-11 02:43:06", "name": "bot.main", "levelname": "INFO", "message": "Wohnblitzer API erfolgreich gestoppt", "user_id": null, "taskName": "Task-2", "timestamp": "2025-07-11T02:43:06.862155"}
{"asctime": "2025-07-11 02:44:50", "name": "bot.main", "levelname": "INFO", "message": "Starte Wohnblitzer API...", "user_id": null, "taskName": "Task-2", "timestamp": "2025-07-11T02:44:50.089800"}
{"asctime": "2025-07-11 02:44:50", "name": "bot.maintenance", "levelname": "INFO", "message": "Wartungsservice gestartet (Intervall: 30 Minuten)", "user_id": null, "taskName": "Task-2", "timestamp": "2025-07-11T02:44:50.089920"}
{"asctime": "2025-07-11 02:44:50", "name": "bot.main", "levelname": "INFO", "message": "Wohnblitzer API erfolgreich gestartet", "user_id": null, "taskName": "Task-2", "timestamp": "2025-07-11T02:44:50.089986"}
{"asctime": "2025-07-11 02:44:50", "name": "bot.maintenance", "levelname": "INFO", "message": "Starte Wartungsaufgaben...", "user_id": null, "taskName": "Task-3", "timestamp": "2025-07-11T02:44:50.090064"}
{"asctime": "2025-07-11 02:44:50", "name": "bot.maintenance", "levelname": "INFO", "message": "Metriken aktualisiert: 0 Bewerbungen, 0 erfolgreich, 0 Fehler", "user_id": null, "taskName": "Task-3", "timestamp": "2025-07-11T02:44:50.104392"}
{"asctime": "2025-07-11 02:44:50", "name": "bot.maintenance", "levelname": "INFO", "message": "Wartungsaufgaben abgeschlossen", "user_id": null, "taskName": "Task-3", "timestamp": "2025-07-11T02:44:50.106131"}
{"asctime": "2025-07-11 02:44:50", "name": "bot.main", "levelname": "INFO", "message": "Stoppe Wohnblitzer API...", "user_id": null, "taskName": "Task-2", "timestamp": "2025-07-11T02:44:50.106563"}
{"asctime": "2025-07-11 02:44:50", "name": "bot.maintenance", "levelname": "INFO", "message": "Wartungsservice gestoppt", "user_id": null, "taskName": "Task-2", "timestamp": "2025-07-11T02:44:50.106656"}
{"asctime": "2025-07-11 02:44:50", "name": "bot.main", "levelname": "INFO", "message": "Wohnblitzer API erfolgreich gestoppt", "user_id": null, "taskName": "Task-2", "timestamp": "2025-07-11T02:44:50.107034"}
{"asctime": "2025-07-11 02:45:11", "name": "bot.main", "levelname": "INFO", "message": "Starte Wohnblitzer API...", "user_id": null, "taskName": "Task-2", "timestamp": "2025-07-11T02:45:11.991974"}
{"asctime": "2025-07-11 02:45:11", "name": "bot.maintenance", "levelname": "INFO", "message": "Wartungsservice gestartet (Intervall: 30 Minuten)", "user_id": null, "taskName": "Task-2", "timestamp": "2025-07-11T02:45:11.992239"}
{"asctime": "2025-07-11 02:45:11", "name": "bot.main", "levelname": "INFO", "message": "Wohnblitzer API erfolgreich gestartet", "user_id": null, "taskName": "Task-2", "timestamp": "2025-07-11T02:45:11.992306"}
{"asctime": "2025-07-11 02:45:11", "name": "bot.maintenance", "levelname": "INFO", "message": "Starte Wartungsaufgaben...", "user_id": null, "taskName": "Task-3", "timestamp": "2025-07-11T02:45:11.992380"}
{"asctime": "2025-07-11 02:45:12", "name": "bot.maintenance", "levelname": "INFO", "message": "Metriken aktualisiert: 0 Bewerbungen, 0 erfolgreich, 0 Fehler", "user_id": null, "taskName": "Task-3", "timestamp": "2025-07-11T02:45:12.008606"}
{"asctime": "2025-07-11 02:45:12", "name": "bot.maintenance", "levelname": "INFO", "message": "Wartungsaufgaben abgeschlossen", "user_id": null, "taskName": "Task-3", "timestamp": "2025-07-11T02:45:12.009765"}
{"asctime": "2025-07-11 02:56:21", "name": "bot.main", "levelname": "INFO", "message": "Starte Wohnblitzer API...", "user_id": null, "taskName": "Task-2", "timestamp": "2025-07-11T02:56:21.052977"}
{"asctime": "2025-07-11 02:56:21", "name": "bot.maintenance", "levelname": "INFO", "message": "Wartungsservice gestartet (Intervall: 30 Minuten)", "user_id": null, "taskName": "Task-2", "timestamp": "2025-07-11T02:56:21.053097"}
{"asctime": "2025-07-11 02:56:21", "name": "bot.main", "levelname": "INFO", "message": "Wohnblitzer API erfolgreich gestartet", "user_id": null, "taskName": "Task-2", "timestamp": "2025-07-11T02:56:21.053171"}
{"asctime": "2025-07-11 02:56:21", "name": "bot.maintenance", "levelname": "INFO", "message": "Starte Wartungsaufgaben...", "user_id": null, "taskName": "Task-3", "timestamp": "2025-07-11T02:56:21.053252"}
{"asctime": "2025-07-11 02:56:21", "name": "bot.maintenance", "levelname": "INFO", "message": "Metriken aktualisiert: 0 Bewerbungen, 0 erfolgreich, 0 Fehler", "user_id": null, "taskName": "Task-3", "timestamp": "2025-07-11T02:56:21.067574"}
{"asctime": "2025-07-11 02:56:21", "name": "bot.maintenance", "levelname": "INFO", "message": "Wartungsaufgaben abgeschlossen", "user_id": null, "taskName": "Task-3", "timestamp": "2025-07-11T02:56:21.069446"}
{"asctime": "2025-07-11 02:56:21", "name": "bot.main", "levelname": "INFO", "message": "Stoppe Wohnblitzer API...", "user_id": null, "taskName": "Task-2", "timestamp": "2025-07-11T02:56:21.070470"}
{"asctime": "2025-07-11 02:56:21", "name": "bot.maintenance", "levelname": "INFO", "message": "Wartungsservice gestoppt", "user_id": null, "taskName": "Task-2", "timestamp": "2025-07-11T02:56:21.070589"}
{"asctime": "2025-07-11 02:56:21", "name": "bot.main", "levelname": "INFO", "message": "Wohnblitzer API erfolgreich gestoppt", "user_id": null, "taskName": "Task-2", "timestamp": "2025-07-11T02:56:21.070793"}
{"asctime": "2025-07-11 03:33:02", "name": "bot.main", "levelname": "INFO", "message": "Starte Wohnblitzer API...", "user_id": null, "taskName": "Task-2", "timestamp": "2025-07-11T03:33:02.259105"}
{"asctime": "2025-07-11 03:33:02", "name": "bot.maintenance", "levelname": "INFO", "message": "Wartungsservice gestartet (Intervall: 30 Minuten)", "user_id": null, "taskName": "Task-2", "timestamp": "2025-07-11T03:33:02.259225"}
{"asctime": "2025-07-11 03:33:02", "name": "bot.main", "levelname": "INFO", "message": "Wohnblitzer API erfolgreich gestartet", "user_id": null, "taskName": "Task-2", "timestamp": "2025-07-11T03:33:02.259291"}
{"asctime": "2025-07-11 03:33:02", "name": "bot.maintenance", "levelname": "INFO", "message": "Starte Wartungsaufgaben...", "user_id": null, "taskName": "Task-3", "timestamp": "2025-07-11T03:33:02.259362"}
{"asctime": "2025-07-11 03:33:02", "name": "bot.maintenance", "levelname": "INFO", "message": "Metriken aktualisiert: 0 Bewerbungen, 0 erfolgreich, 0 Fehler", "user_id": null, "taskName": "Task-3", "timestamp": "2025-07-11T03:33:02.272803"}
{"asctime": "2025-07-11 03:33:02", "name": "bot.maintenance", "levelname": "INFO", "message": "Wartungsaufgaben abgeschlossen", "user_id": null, "taskName": "Task-3", "timestamp": "2025-07-11T03:33:02.274638"}
{"asctime": "2025-07-11 03:33:02", "name": "bot.main", "levelname": "INFO", "message": "Stoppe Wohnblitzer API...", "user_id": null, "taskName": "Task-2", "timestamp": "2025-07-11T03:33:02.275104"}
{"asctime": "2025-07-11 03:33:02", "name": "bot.maintenance", "levelname": "INFO", "message": "Wartungsservice gestoppt", "user_id": null, "taskName": "Task-2", "timestamp": "2025-07-11T03:33:02.275384"}
{"asctime": "2025-07-11 03:33:02", "name": "bot.main", "levelname": "INFO", "message": "Wohnblitzer API erfolgreich gestoppt", "user_id": null, "taskName": "Task-2", "timestamp": "2025-07-11T03:33:02.276005"}
{"asctime": "2025-07-11 20:39:08", "name": "bot.main", "levelname": "INFO", "message": "Starte Wohnblitzer API...", "user_id": null, "taskName": "Task-2", "timestamp": "2025-07-11T20:39:08.796494"}
{"asctime": "2025-07-11 20:39:08", "name": "bot.maintenance", "levelname": "INFO", "message": "Wartungsservice gestartet (Intervall: 30 Minuten)", "user_id": null, "taskName": "Task-2", "timestamp": "2025-07-11T20:39:08.796839"}
{"asctime": "2025-07-11 20:39:08", "name": "bot.main", "levelname": "INFO", "message": "Wohnblitzer API erfolgreich gestartet", "user_id": null, "taskName": "Task-2", "timestamp": "2025-07-11T20:39:08.796897"}
{"asctime": "2025-07-11 20:39:08", "name": "bot.maintenance", "levelname": "INFO", "message": "Starte Wartungsaufgaben...", "user_id": null, "taskName": "Task-3", "timestamp": "2025-07-11T20:39:08.796982"}
{"asctime": "2025-07-11 20:39:08", "name": "bot.maintenance", "levelname": "INFO", "message": "Metriken aktualisiert: 0 Bewerbungen, 0 erfolgreich, 0 Fehler", "user_id": null, "taskName": "Task-3", "timestamp": "2025-07-11T20:39:08.809836"}
{"asctime": "2025-07-11 20:39:08", "name": "bot.maintenance", "levelname": "INFO", "message": "Wartungsaufgaben abgeschlossen", "user_id": null, "taskName": "Task-3", "timestamp": "2025-07-11T20:39:08.810725"}
{"asctime": "2025-07-11 20:39:29", "name": "bot.main", "levelname": "INFO", "message": "Starte Wohnblitzer API...", "user_id": null, "taskName": "Task-2", "timestamp": "2025-07-11T20:39:29.345338"}
{"asctime": "2025-07-11 20:39:29", "name": "bot.maintenance", "levelname": "INFO", "message": "Wartungsservice gestartet (Intervall: 30 Minuten)", "user_id": null, "taskName": "Task-2", "timestamp": "2025-07-11T20:39:29.345540"}
{"asctime": "2025-07-11 20:39:29", "name": "bot.main", "levelname": "INFO", "message": "Wohnblitzer API erfolgreich gestartet", "user_id": null, "taskName": "Task-2", "timestamp": "2025-07-11T20:39:29.345807"}
{"asctime": "2025-07-11 20:39:29", "name": "bot.maintenance", "levelname": "INFO", "message": "Starte Wartungsaufgaben...", "user_id": null, "taskName": "Task-3", "timestamp": "2025-07-11T20:39:29.345887"}
{"asctime": "2025-07-11 20:39:29", "name": "bot.maintenance", "levelname": "INFO", "message": "Metriken aktualisiert: 0 Bewerbungen, 0 erfolgreich, 0 Fehler", "user_id": null, "taskName": "Task-3", "timestamp": "2025-07-11T20:39:29.358859"}
{"asctime": "2025-07-11 20:39:29", "name": "bot.maintenance", "levelname": "INFO", "message": "Wartungsaufgaben abgeschlossen", "user_id": null, "taskName": "Task-3", "timestamp": "2025-07-11T20:39:29.359714"}
{"asctime": "2025-07-11 20:40:10", "name": "bot.main", "levelname": "INFO", "message": "Starte Wohnblitzer API...", "user_id": null, "taskName": "Task-2", "timestamp": "2025-07-11T20:40:10.576073"}
{"asctime": "2025-07-11 20:40:10", "name": "bot.maintenance", "levelname": "INFO", "message": "Wartungsservice gestartet (Intervall: 30 Minuten)", "user_id": null, "taskName": "Task-2", "timestamp": "2025-07-11T20:40:10.576311"}
{"asctime": "2025-07-11 20:40:10", "name": "bot.main", "levelname": "INFO", "message": "Wohnblitzer API erfolgreich gestartet", "user_id": null, "taskName": "Task-2", "timestamp": "2025-07-11T20:40:10.576560"}
{"asctime": "2025-07-11 20:40:10", "name": "bot.maintenance", "levelname": "INFO", "message": "Starte Wartungsaufgaben...", "user_id": null, "taskName": "Task-3", "timestamp": "2025-07-11T20:40:10.576637"}
{"asctime": "2025-07-11 20:40:10", "name": "bot.maintenance", "levelname": "INFO", "message": "Metriken aktualisiert: 0 Bewerbungen, 0 erfolgreich, 0 Fehler", "user_id": null, "taskName": "Task-3", "timestamp": "2025-07-11T20:40:10.592020"}
{"asctime": "2025-07-11 20:40:10", "name": "bot.maintenance", "levelname": "INFO", "message": "Wartungsaufgaben abgeschlossen", "user_id": null, "taskName": "Task-3", "timestamp": "2025-07-11T20:40:10.592924"}
{"asctime": "2025-07-11 20:54:36", "name": "bot.main", "levelname": "INFO", "message": "Stoppe Wohnblitzer API...", "user_id": null, "taskName": "Task-2", "timestamp": "2025-07-11T20:54:36.448455"}
{"asctime": "2025-07-11 20:54:36", "name": "bot.maintenance", "levelname": "INFO", "message": "Wartungsservice gestoppt", "user_id": null, "taskName": "Task-2", "timestamp": "2025-07-11T20:54:36.450737"}
{"asctime": "2025-07-11 20:54:36", "name": "bot.main", "levelname": "INFO", "message": "Wohnblitzer API erfolgreich gestoppt", "user_id": null, "taskName": "Task-2", "timestamp": "2025-07-11T20:54:36.451573"}
{"asctime": "2025-07-11 20:54:38", "name": "bot.main", "levelname": "INFO", "message": "Starte Wohnblitzer API...", "user_id": null, "taskName": "Task-2", "timestamp": "2025-07-11T20:54:38.240596"}
{"asctime": "2025-07-11 20:54:38", "name": "bot.maintenance", "levelname": "INFO", "message": "Wartungsservice gestartet (Intervall: 30 Minuten)", "user_id": null, "taskName": "Task-2", "timestamp": "2025-07-11T20:54:38.240721"}
{"asctime": "2025-07-11 20:54:38", "name": "bot.main", "levelname": "INFO", "message": "Wohnblitzer API erfolgreich gestartet", "user_id": null, "taskName": "Task-2", "timestamp": "2025-07-11T20:54:38.240804"}
{"asctime": "2025-07-11 20:54:38", "name": "bot.maintenance", "levelname": "INFO", "message": "Starte Wartungsaufgaben...", "user_id": null, "taskName": "Task-3", "timestamp": "2025-07-11T20:54:38.240881"}
{"asctime": "2025-07-11 20:54:38", "name": "bot.maintenance", "levelname": "INFO", "message": "Metriken aktualisiert: 0 Bewerbungen, 0 erfolgreich, 0 Fehler", "user_id": null, "taskName": "Task-3", "timestamp": "2025-07-11T20:54:38.255749"}
{"asctime": "2025-07-11 20:54:38", "name": "bot.maintenance", "levelname": "INFO", "message": "Wartungsaufgaben abgeschlossen", "user_id": null, "taskName": "Task-3", "timestamp": "2025-07-11T20:54:38.256783"}
{"asctime": "2025-07-11 21:09:32", "name": "bot.main", "levelname": "INFO", "message": "Stoppe Wohnblitzer API...", "user_id": null, "taskName": "Task-2", "timestamp": "2025-07-11T21:09:32.021501"}
{"asctime": "2025-07-11 21:09:32", "name": "bot.maintenance", "levelname": "INFO", "message": "Wartungsservice gestoppt", "user_id": null, "taskName": "Task-2", "timestamp": "2025-07-11T21:09:32.023125"}
{"asctime": "2025-07-11 21:09:32", "name": "bot.main", "levelname": "INFO", "message": "Wohnblitzer API erfolgreich gestoppt", "user_id": null, "taskName": "Task-2", "timestamp": "2025-07-11T21:09:32.024124"}
{"asctime": "2025-07-11 22:46:10", "name": "bot.main", "levelname": "INFO", "message": "Starte Wohnblitzer API...", "user_id": null, "taskName": "Task-2", "timestamp": "2025-07-11T22:46:10.796437"}
{"asctime": "2025-07-11 22:46:10", "name": "bot.maintenance", "levelname": "INFO", "message": "Wartungsservice gestartet (Intervall: 30 Minuten)", "user_id": null, "taskName": "Task-2", "timestamp": "2025-07-11T22:46:10.796825"}
{"asctime": "2025-07-11 22:46:10", "name": "bot.main", "levelname": "INFO", "message": "Wohnblitzer API erfolgreich gestartet", "user_id": null, "taskName": "Task-2", "timestamp": "2025-07-11T22:46:10.796890"}
{"asctime": "2025-07-11 22:46:10", "name": "bot.maintenance", "levelname": "INFO", "message": "Starte Wartungsaufgaben...", "user_id": null, "taskName": "Task-3", "timestamp": "2025-07-11T22:46:10.796964"}
{"asctime": "2025-07-11 22:46:10", "name": "bot.maintenance", "levelname": "INFO", "message": "Metriken aktualisiert: 0 Bewerbungen, 0 erfolgreich, 0 Fehler", "user_id": null, "taskName": "Task-3", "timestamp": "2025-07-11T22:46:10.811526"}
{"asctime": "2025-07-11 22:46:10", "name": "bot.maintenance", "levelname": "INFO", "message": "Wartungsaufgaben abgeschlossen", "user_id": null, "taskName": "Task-3", "timestamp": "2025-07-11T22:46:10.812777"}
{"asctime": "2025-07-11 23:14:17", "name": "bot.main", "levelname": "INFO", "message": "Stoppe Wohnblitzer API...", "user_id": null, "taskName": "Task-2", "timestamp": "2025-07-11T23:14:17.524364"}
{"asctime": "2025-07-11 23:14:17", "name": "bot.maintenance", "levelname": "INFO", "message": "Wartungsservice gestoppt", "user_id": null, "taskName": "Task-2", "timestamp": "2025-07-11T23:14:17.525691"}
{"asctime": "2025-07-11 23:14:17", "name": "bot.main", "levelname": "INFO", "message": "Wohnblitzer API erfolgreich gestoppt", "user_id": null, "taskName": "Task-2", "timestamp": "2025-07-11T23:14:17.527138"}
{"asctime": "2025-07-11 23:14:20", "name": "bot.main", "levelname": "INFO", "message": "Starte Wohnblitzer API...", "user_id": null, "taskName": "Task-2", "timestamp": "2025-07-11T23:14:20.039060"}
{"asctime": "2025-07-11 23:14:20", "name": "bot.maintenance", "levelname": "INFO", "message": "Wartungsservice gestartet (Intervall: 30 Minuten)", "user_id": null, "taskName": "Task-2", "timestamp": "2025-07-11T23:14:20.039190"}
{"asctime": "2025-07-11 23:14:20", "name": "bot.main", "levelname": "INFO", "message": "Wohnblitzer API erfolgreich gestartet", "user_id": null, "taskName": "Task-2", "timestamp": "2025-07-11T23:14:20.039260"}
{"asctime": "2025-07-11 23:14:20", "name": "bot.maintenance", "levelname": "INFO", "message": "Starte Wartungsaufgaben...", "user_id": null, "taskName": "Task-3", "timestamp": "2025-07-11T23:14:20.039342"}
{"asctime": "2025-07-11 23:14:20", "name": "bot.maintenance", "levelname": "INFO", "message": "Metriken aktualisiert: 0 Bewerbungen, 0 erfolgreich, 0 Fehler", "user_id": null, "taskName": "Task-3", "timestamp": "2025-07-11T23:14:20.056068"}
{"asctime": "2025-07-11 23:14:20", "name": "bot.maintenance", "levelname": "INFO", "message": "Wartungsaufgaben abgeschlossen", "user_id": null, "taskName": "Task-3", "timestamp": "2025-07-11T23:14:20.057196"}
{"asctime": "2025-07-11 23:21:24", "name": "bot.main", "levelname": "INFO", "message": "Stoppe Wohnblitzer API...", "user_id": null, "taskName": "Task-2", "timestamp": "2025-07-11T23:21:24.409236"}
{"asctime": "2025-07-11 23:21:24", "name": "bot.maintenance", "levelname": "INFO", "message": "Wartungsservice gestoppt", "user_id": null, "taskName": "Task-2", "timestamp": "2025-07-11T23:21:24.410919"}
{"asctime": "2025-07-11 23:21:24", "name": "bot.main", "levelname": "INFO", "message": "Wohnblitzer API erfolgreich gestoppt", "user_id": null, "taskName": "Task-2", "timestamp": "2025-07-11T23:21:24.411250"}
{"asctime": "2025-07-11 23:21:26", "name": "bot.main", "levelname": "INFO", "message": "Starte Wohnblitzer API...", "user_id": null, "taskName": "Task-2", "timestamp": "2025-07-11T23:21:26.118465"}
{"asctime": "2025-07-11 23:21:26", "name": "bot.maintenance", "levelname": "INFO", "message": "Wartungsservice gestartet (Intervall: 30 Minuten)", "user_id": null, "taskName": "Task-2", "timestamp": "2025-07-11T23:21:26.118581"}
{"asctime": "2025-07-11 23:21:26", "name": "bot.main", "levelname": "INFO", "message": "Wohnblitzer API erfolgreich gestartet", "user_id": null, "taskName": "Task-2", "timestamp": "2025-07-11T23:21:26.118647"}
{"asctime": "2025-07-11 23:21:26", "name": "bot.maintenance", "levelname": "INFO", "message": "Starte Wartungsaufgaben...", "user_id": null, "taskName": "Task-3", "timestamp": "2025-07-11T23:21:26.118716"}
{"asctime": "2025-07-11 23:21:26", "name": "bot.maintenance", "levelname": "INFO", "message": "Metriken aktualisiert: 0 Bewerbungen, 0 erfolgreich, 0 Fehler", "user_id": null, "taskName": "Task-3", "timestamp": "2025-07-11T23:21:26.133226"}
{"asctime": "2025-07-11 23:21:26", "name": "bot.maintenance", "levelname": "INFO", "message": "Wartungsaufgaben abgeschlossen", "user_id": null, "taskName": "Task-3", "timestamp": "2025-07-11T23:21:26.134307"}
{"asctime": "2025-07-12 01:31:40", "name": "bot.maintenance", "levelname": "INFO", "message": "Starte Wartungsaufgaben...", "user_id": null, "taskName": "Task-3", "timestamp": "2025-07-12T01:31:40.191720"}
{"asctime": "2025-07-12 01:31:40", "name": "bot.maintenance", "levelname": "INFO", "message": "Metriken aktualisiert: 0 Bewerbungen, 0 erfolgreich, 0 Fehler", "user_id": null, "taskName": "Task-3", "timestamp": "2025-07-12T01:31:40.213339"}
{"asctime": "2025-07-12 01:31:40", "name": "bot.maintenance", "levelname": "INFO", "message": "Wartungsaufgaben abgeschlossen", "user_id": null, "taskName": "Task-3", "timestamp": "2025-07-12T01:31:40.214028"}
{"asctime": "2025-07-12 11:18:54", "name": "bot.maintenance", "levelname": "INFO", "message": "Starte Wartungsaufgaben...", "user_id": null, "taskName": "Task-3", "timestamp": "2025-07-12T11:18:54.684275"}
{"asctime": "2025-07-12 11:18:54", "name": "bot.maintenance", "levelname": "INFO", "message": "Metriken aktualisiert: 0 Bewerbungen, 0 erfolgreich, 0 Fehler", "user_id": null, "taskName": "Task-3", "timestamp": "2025-07-12T11:18:54.699280"}
{"asctime": "2025-07-12 11:18:54", "name": "bot.maintenance", "levelname": "INFO", "message": "Wartungsaufgaben abgeschlossen", "user_id": null, "taskName": "Task-3", "timestamp": "2025-07-12T11:18:54.699586"}
{"asctime": "2025-07-12 14:16:30", "name": "bot.maintenance", "levelname": "INFO", "message": "Starte Wartungsaufgaben...", "user_id": null, "taskName": "Task-3", "timestamp": "2025-07-12T14:16:30.446097"}
{"asctime": "2025-07-12 14:16:30", "name": "bot.maintenance", "levelname": "INFO", "message": "Metriken aktualisiert: 0 Bewerbungen, 0 erfolgreich, 0 Fehler", "user_id": null, "taskName": "Task-3", "timestamp": "2025-07-12T14:16:30.466663"}
{"asctime": "2025-07-12 14:16:30", "name": "bot.maintenance", "levelname": "INFO", "message": "Wartungsaufgaben abgeschlossen", "user_id": null, "taskName": "Task-3", "timestamp": "2025-07-12T14:16:30.467287"}
{"asctime": "2025-07-12 14:46:47", "name": "bot.maintenance", "levelname": "INFO", "message": "Starte Wartungsaufgaben...", "user_id": null, "taskName": "Task-3", "timestamp": "2025-07-12T14:46:47.321696"}
{"asctime": "2025-07-12 14:46:47", "name": "bot.maintenance", "levelname": "INFO", "message": "Metriken aktualisiert: 0 Bewerbungen, 0 erfolgreich, 0 Fehler", "user_id": null, "taskName": "Task-3", "timestamp": "2025-07-12T14:46:47.337890"}
{"asctime": "2025-07-12 14:46:47", "name": "bot.maintenance", "levelname": "INFO", "message": "Wartungsaufgaben abgeschlossen", "user_id": null, "taskName": "Task-3", "timestamp": "2025-07-12T14:46:47.338579"}
{"asctime": "2025-07-12 15:16:52", "name": "bot.maintenance", "levelname": "INFO", "message": "Starte Wartungsaufgaben...", "user_id": null, "taskName": "Task-3", "timestamp": "2025-07-12T15:16:52.879165"}
{"asctime": "2025-07-12 15:16:52", "name": "bot.maintenance", "levelname": "INFO", "message": "Metriken aktualisiert: 0 Bewerbungen, 0 erfolgreich, 0 Fehler", "user_id": null, "taskName": "Task-3", "timestamp": "2025-07-12T15:16:52.895493"}
{"asctime": "2025-07-12 15:16:52", "name": "bot.maintenance", "levelname": "INFO", "message": "Wartungsaufgaben abgeschlossen", "user_id": null, "taskName": "Task-3", "timestamp": "2025-07-12T15:16:52.896222"}
{"asctime": "2025-07-12 18:21:50", "name": "bot.maintenance", "levelname": "INFO", "message": "Starte Wartungsaufgaben...", "user_id": null, "taskName": "Task-3", "timestamp": "2025-07-12T18:21:50.554561"}
{"asctime": "2025-07-12 18:21:50", "name": "bot.maintenance", "levelname": "INFO", "message": "Metriken aktualisiert: 0 Bewerbungen, 0 erfolgreich, 0 Fehler", "user_id": null, "taskName": "Task-3", "timestamp": "2025-07-12T18:21:50.567987"}
{"asctime": "2025-07-12 18:21:50", "name": "bot.maintenance", "levelname": "INFO", "message": "Wartungsaufgaben abgeschlossen", "user_id": null, "taskName": "Task-3", "timestamp": "2025-07-12T18:21:50.568339"}
{"asctime": "2025-07-12 18:44:03", "name": "bot.main", "levelname": "INFO", "message": "Stoppe Wohnblitzer API...", "user_id": null, "taskName": "Task-2", "timestamp": "2025-07-12T18:44:03.266326"}
{"asctime": "2025-07-12 18:44:03", "name": "bot.maintenance", "levelname": "INFO", "message": "Wartungsservice gestoppt", "user_id": null, "taskName": "Task-2", "timestamp": "2025-07-12T18:44:03.267863"}
{"asctime": "2025-07-12 18:44:03", "name": "bot.main", "levelname": "INFO", "message": "Wohnblitzer API erfolgreich gestoppt", "user_id": null, "taskName": "Task-2", "timestamp": "2025-07-12T18:44:03.268644"}
{"asctime": "2025-07-12 18:44:05", "name": "bot.main", "levelname": "INFO", "message": "Starte Wohnblitzer API...", "user_id": null, "taskName": "Task-2", "timestamp": "2025-07-12T18:44:05.614366"}
{"asctime": "2025-07-12 18:44:05", "name": "bot.maintenance", "levelname": "INFO", "message": "Wartungsservice gestartet (Intervall: 30 Minuten)", "user_id": null, "taskName": "Task-2", "timestamp": "2025-07-12T18:44:05.614489"}
{"asctime": "2025-07-12 18:44:05", "name": "bot.main", "levelname": "INFO", "message": "Wohnblitzer API erfolgreich gestartet", "user_id": null, "taskName": "Task-2", "timestamp": "2025-07-12T18:44:05.614554"}
{"asctime": "2025-07-12 18:44:05", "name": "bot.maintenance", "levelname": "INFO", "message": "Starte Wartungsaufgaben...", "user_id": null, "taskName": "Task-3", "timestamp": "2025-07-12T18:44:05.614628"}
{"asctime": "2025-07-12 18:44:05", "name": "bot.maintenance", "levelname": "INFO", "message": "Metriken aktualisiert: 0 Bewerbungen, 0 erfolgreich, 0 Fehler", "user_id": null, "taskName": "Task-3", "timestamp": "2025-07-12T18:44:05.628771"}
{"asctime": "2025-07-12 18:44:05", "name": "bot.maintenance", "levelname": "INFO", "message": "Wartungsaufgaben abgeschlossen", "user_id": null, "taskName": "Task-3", "timestamp": "2025-07-12T18:44:05.629896"}
{"asctime": "2025-07-12 18:49:09", "name": "bot.main", "levelname": "INFO", "message": "Stoppe Wohnblitzer API...", "user_id": null, "taskName": "Task-2", "timestamp": "2025-07-12T18:49:09.287787"}
{"asctime": "2025-07-12 18:49:09", "name": "bot.maintenance", "levelname": "INFO", "message": "Wartungsservice gestoppt", "user_id": null, "taskName": "Task-2", "timestamp": "2025-07-12T18:49:09.288520"}
{"asctime": "2025-07-12 18:49:09", "name": "bot.main", "levelname": "INFO", "message": "Wohnblitzer API erfolgreich gestoppt", "user_id": null, "taskName": "Task-2", "timestamp": "2025-07-12T18:49:09.289987"}
{"asctime": "2025-07-12 18:49:10", "name": "bot.main", "levelname": "INFO", "message": "Starte Wohnblitzer API...", "user_id": null, "taskName": "Task-2", "timestamp": "2025-07-12T18:49:10.788991"}
{"asctime": "2025-07-12 18:49:10", "name": "bot.maintenance", "levelname": "INFO", "message": "Wartungsservice gestartet (Intervall: 30 Minuten)", "user_id": null, "taskName": "Task-2", "timestamp": "2025-07-12T18:49:10.789106"}
{"asctime": "2025-07-12 18:49:10", "name": "bot.main", "levelname": "INFO", "message": "Wohnblitzer API erfolgreich gestartet", "user_id": null, "taskName": "Task-2", "timestamp": "2025-07-12T18:49:10.789169"}
{"asctime": "2025-07-12 18:49:10", "name": "bot.maintenance", "levelname": "INFO", "message": "Starte Wartungsaufgaben...", "user_id": null, "taskName": "Task-3", "timestamp": "2025-07-12T18:49:10.789238"}
{"asctime": "2025-07-12 18:49:10", "name": "bot.maintenance", "levelname": "INFO", "message": "Metriken aktualisiert: 0 Bewerbungen, 0 erfolgreich, 0 Fehler", "user_id": null, "taskName": "Task-3", "timestamp": "2025-07-12T18:49:10.803641"}
{"asctime": "2025-07-12 18:49:10", "name": "bot.maintenance", "levelname": "INFO", "message": "Wartungsaufgaben abgeschlossen", "user_id": null, "taskName": "Task-3", "timestamp": "2025-07-12T18:49:10.804526"}
{"asctime": "2025-07-12 19:00:09", "name": "bot.main", "levelname": "INFO", "message": "Stoppe Wohnblitzer API...", "user_id": null, "taskName": "Task-2", "timestamp": "2025-07-12T19:00:09.913097"}
{"asctime": "2025-07-12 19:00:09", "name": "bot.maintenance", "levelname": "INFO", "message": "Wartungsservice gestoppt", "user_id": null, "taskName": "Task-2", "timestamp": "2025-07-12T19:00:09.915494"}
{"asctime": "2025-07-12 19:00:09", "name": "bot.main", "levelname": "INFO", "message": "Wohnblitzer API erfolgreich gestoppt", "user_id": null, "taskName": "Task-2", "timestamp": "2025-07-12T19:00:09.917829"}
{"asctime": "2025-07-12 19:00:25", "name": "bot.main", "levelname": "INFO", "message": "Starte Wohnblitzer API...", "user_id": null, "taskName": "Task-2", "timestamp": "2025-07-12T19:00:25.730930"}
{"asctime": "2025-07-12 19:00:25", "name": "bot.maintenance", "levelname": "INFO", "message": "Wartungsservice gestartet (Intervall: 30 Minuten)", "user_id": null, "taskName": "Task-2", "timestamp": "2025-07-12T19:00:25.731181"}
{"asctime": "2025-07-12 19:00:25", "name": "bot.main", "levelname": "INFO", "message": "Wohnblitzer API erfolgreich gestartet", "user_id": null, "taskName": "Task-2", "timestamp": "2025-07-12T19:00:25.731444"}
{"asctime": "2025-07-12 19:00:25", "name": "bot.maintenance", "levelname": "INFO", "message": "Starte Wartungsaufgaben...", "user_id": null, "taskName": "Task-3", "timestamp": "2025-07-12T19:00:25.731520"}
{"asctime": "2025-07-12 19:00:25", "name": "bot.maintenance", "levelname": "INFO", "message": "Metriken aktualisiert: 0 Bewerbungen, 0 erfolgreich, 0 Fehler", "user_id": null, "taskName": "Task-3", "timestamp": "2025-07-12T19:00:25.745807"}
{"asctime": "2025-07-12 19:00:25", "name": "bot.maintenance", "levelname": "INFO", "message": "Wartungsaufgaben abgeschlossen", "user_id": null, "taskName": "Task-3", "timestamp": "2025-07-12T19:00:25.746820"}
{"asctime": "2025-07-12 20:59:40", "name": "bot.maintenance", "levelname": "INFO", "message": "Starte Wartungsaufgaben...", "user_id": null, "taskName": "Task-3", "timestamp": "2025-07-12T20:59:40.982717"}
{"asctime": "2025-07-12 20:59:40", "name": "bot.maintenance", "levelname": "INFO", "message": "Metriken aktualisiert: 0 Bewerbungen, 0 erfolgreich, 0 Fehler", "user_id": null, "taskName": "Task-3", "timestamp": "2025-07-12T20:59:40.999989"}
{"asctime": "2025-07-12 20:59:41", "name": "bot.maintenance", "levelname": "INFO", "message": "Wartungsaufgaben abgeschlossen", "user_id": null, "taskName": "Task-3", "timestamp": "2025-07-12T20:59:41.000744"}
{"asctime": "2025-07-12 21:29:40", "name": "bot.maintenance", "levelname": "INFO", "message": "Starte Wartungsaufgaben...", "user_id": null, "taskName": "Task-3", "timestamp": "2025-07-12T21:29:40.956999"}
{"asctime": "2025-07-12 21:29:40", "name": "bot.maintenance", "levelname": "INFO", "message": "Metriken aktualisiert: 0 Bewerbungen, 0 erfolgreich, 0 Fehler", "user_id": null, "taskName": "Task-3", "timestamp": "2025-07-12T21:29:40.984001"}
{"asctime": "2025-07-12 21:29:40", "name": "bot.maintenance", "levelname": "INFO", "message": "Wartungsaufgaben abgeschlossen", "user_id": null, "taskName": "Task-3", "timestamp": "2025-07-12T21:29:40.984750"}
